This is pdfTeXk, Version 3.141592-1.40.3 (Web2C 7.5.6) (format=pdflatex 2014.7.7)  25 SEP 2015 22:11
entering extended mode
 %&-line parsing enabled.
**q14_all.tex
(./q14_all.tex
LaTeX2e <2005/12/01>
Babel <v3.8h> and hyphenation patterns for english, usenglishmax, dumylang, noh
yphenation, arabic, basque, bulgarian, coptic, welsh, czech, slovak, german, ng
erman, danish, esperanto, spanish, catalan, galician, estonian, farsi, finnish,
 french, greek, monogreek, ancientgreek, croatian, hungarian, interlingua, ibyc
us, indonesian, icelandic, italian, latin, mongolian, dutch, norsk, polish, por
tuguese, pinyin, romanian, russian, slovenian, uppersorbian, serbian, swedish, 
turkish, ukenglish, ukrainian, loaded.
(/usr/share/texmf/tex/latex/base/article.cls
Document Class: article 2005/09/16 v1.4f Standard LaTeX document class
(/usr/share/texmf/tex/latex/base/size10.clo
File: size10.clo 2005/09/16 v1.4f Standard LaTeX file (size option)
)
\c@part=\count79
\c@section=\count80
\c@subsection=\count81
\c@subsubsection=\count82
\c@paragraph=\count83
\c@subparagraph=\count84
\c@figure=\count85
\c@table=\count86
\abovecaptionskip=\skip41
\belowcaptionskip=\skip42
\bibindent=\dimen102
)
(/usr/share/texmf/tex/latex/geometry/geometry.sty
Package: geometry 2002/07/08 v3.2 Page Geometry

(/usr/share/texmf/tex/latex/graphics/keyval.sty
Package: keyval 1999/03/16 v1.13 key=value parser (DPC)
\KV@toks@=\toks14
)
\Gm@cnth=\count87
\Gm@cntv=\count88
\c@Gm@tempcnt=\count89
\Gm@bindingoffset=\dimen103
\Gm@wd@mp=\dimen104
\Gm@odd@mp=\dimen105
\Gm@even@mp=\dimen106
\Gm@dimlist=\toks15
) (./q14_all.aux)
\openout1 = `q14_all.aux'.

LaTeX Font Info:    Checking defaults for OML/cmm/m/it on input line 3.
LaTeX Font Info:    ... okay on input line 3.
LaTeX Font Info:    Checking defaults for T1/cmr/m/n on input line 3.
LaTeX Font Info:    ... okay on input line 3.
LaTeX Font Info:    Checking defaults for OT1/cmr/m/n on input line 3.
LaTeX Font Info:    ... okay on input line 3.
LaTeX Font Info:    Checking defaults for OMS/cmsy/m/n on input line 3.
LaTeX Font Info:    ... okay on input line 3.
LaTeX Font Info:    Checking defaults for OMX/cmex/m/n on input line 3.
LaTeX Font Info:    ... okay on input line 3.
LaTeX Font Info:    Checking defaults for U/cmr/m/n on input line 3.
LaTeX Font Info:    ... okay on input line 3.
-------------------- Geometry parameters
paper: class default
landscape: --
twocolumn: --
twoside: --
asymmetric: --
h-parts: 54.2025pt, 505.89pt, 54.2025pt
v-parts: 72.26999pt, 632.3625pt, 90.3375pt
hmarginratio: --
vmarginratio: --
lines: --
heightrounded: --
bindingoffset: 0.0pt
truedimen: --
includehead: --
includefoot: --
includemp: --
driver: pdftex
-------------------- Page layout dimensions and switches
\paperwidth  614.295pt
\paperheight 794.96999pt
\textwidth  505.89pt
\textheight 632.3625pt
\oddsidemargin  -18.06749pt
\evensidemargin -18.06749pt
\topmargin  -37.0pt
\headheight 12.0pt
\headsep    25.0pt
\footskip   30.0pt
\marginparwidth 65.0pt
\marginparsep   11.0pt
\columnsep  10.0pt
\skip\footins  9.0pt plus 4.0pt minus 2.0pt
\hoffset 0.0pt
\voffset 0.0pt
\mag 1000

(1in=72.27pt, 1cm=28.45pt)
-----------------------
LaTeX Font Info:    External font `cmex10' loaded for size
(Font)              <7> on input line 6.
LaTeX Font Info:    External font `cmex10' loaded for size
(Font)              <5> on input line 6.

Overfull \hbox (11.30553pt too wide) in paragraph at lines 6--53
[][] 
 []

[1{/usr/share/texmf/fonts/map/pdftex/updmap/pdftex.map}] (./q14_all.aux) ) 
Here is how much of TeX's memory you used:
 555 strings out of 256216
 7193 string characters out of 1917073
 61436 words of memory out of 1500000
 3917 multiletter control sequences out of 10000+200000
 3640 words of font info for 14 fonts, out of 1200000 for 2000
 645 hyphenation exceptions out of 8191
 23i,7n,19p,195b,192s stack positions out of 5000i,500n,6000p,200000b,15000s
</usr
/share/texmf/fonts/type1/bluesky/cm/cmr10.pfb>
Output written on q14_all.pdf (1 page, 15975 bytes).
PDF statistics:
 10 PDF objects out of 1000 (max. 8388607)
 0 named destinations out of 1000 (max. 131072)
 1 words of extra memory for PDF output out of 10000 (max. 10000000)

